2025-07-17 04:42:25,983 - INFO - --- Bot tóm tắt tin tức bắt đầu chạy ---
2025-07-17 04:42:25,983 - INFO - Đang khởi tạo trình duyệt ảo (Selenium)...
2025-07-17 04:42:31,590 - INFO - Trình duyệt ảo đã sẵn sàng.
2025-07-17 04:42:31,590 - INFO - Đã tải 0 links đã xử lý.
2025-07-17 04:42:31,590 - INFO - Đang kiểm tra tin tức từ tất cả các nguồn RSS...
2025-07-17 04:42:31,590 - INFO -   -> Đang lấy từ: VnExpress Mới nhất
2025-07-17 04:42:33,295 - INFO -   -> Đang lấy từ: VnExpress Kinh doanh
2025-07-17 04:42:35,192 - INFO -   -> Đang lấy từ: Vietstock Chứng khoán
2025-07-17 04:42:36,486 - INFO -   -> Đang lấy từ: Lao Động
2025-07-17 04:42:37,857 - INFO - Phát hiện 109 bài báo mới. Bắt đầu xử lý...
2025-07-17 04:42:37,857 - INFO - Đang lấy nội dung từ: https://vnexpress.net/nhung-co-gai-tiem-tan-filler-thao-tui-nguc-4915364.html
2025-07-17 04:42:52,174 - INFO - [THÀNH CÔNG] Sử dụng selector: article.fck_detail
2025-07-17 04:42:52,175 - INFO - [THÀNH CÔNG] Đã xử lý: Những cô gái tiêm tan filler, tháo túi ngực...
2025-07-17 04:42:52,176 - INFO - Đang lấy nội dung từ: https://vnexpress.net/sieu-may-tinh-ai-thuc-hien-400-trieu-ty-phep-tinh-giay-4914822.html
2025-07-17 04:43:07,790 - INFO - [THÀNH CÔNG] Sử dụng selector: article.fck_detail
2025-07-17 04:43:07,791 - INFO - [THÀNH CÔNG] Đã xử lý: Siêu máy tính AI thực hiện 400 triệu tỷ phép tính/...
2025-07-17 04:43:07,791 - INFO - Đang lấy nội dung từ: https://vnexpress.net/cau-do-toan-hoc-bai-toan-tieu-hoc-ong-bo-len-mang-cau-cuu-vi-bai-toan-tieu-hoc-dien-ro-cua-dua-con-10-tuoi-4915357.html
2025-07-17 04:43:16,628 - INFO - [THÀNH CÔNG] Sử dụng selector: article.fck_detail
2025-07-17 04:43:16,629 - INFO - [THÀNH CÔNG] Đã xử lý: Ông bố cầu cứu vì bài toán tiểu học 'điên rồ' của ...
2025-07-17 04:43:16,629 - INFO - Đang lấy nội dung từ: https://vnexpress.net/tai-xe-gay-tai-nan-lien-hoan-o-ha-noi-bi-tam-giu-4915380.html
2025-07-17 04:43:26,252 - INFO - [THÀNH CÔNG] Sử dụng selector: article.fck_detail
2025-07-17 04:43:26,253 - INFO - [THÀNH CÔNG] Đã xử lý: Tài xế gây tai nạn liên hoàn ở Hà Nội bị tạm giữ...
2025-07-17 04:43:26,253 - INFO - Đang lấy nội dung từ: https://vnexpress.net/opendots-one-tai-nghe-khong-nhet-tai-tich-hop-dolby-audio-4915372.html
2025-07-17 04:43:34,849 - INFO - [THÀNH CÔNG] Sử dụng selector: article.fck_detail
2025-07-17 04:43:34,850 - INFO - [THÀNH CÔNG] Đã xử lý: OpenDots One - tai nghe không nhét tai tích hợp Do...
2025-07-17 04:43:34,850 - INFO - Đang lấy nội dung từ: https://vnexpress.net/loi-the-cua-cong-nghe-han-mig-4915358.html
2025-07-17 04:43:42,774 - INFO - [THÀNH CÔNG] Sử dụng selector: article.fck_detail
2025-07-17 04:43:42,775 - INFO - [THÀNH CÔNG] Đã xử lý: Lợi thế của công nghệ hàn MIG...
2025-07-17 04:43:42,775 - INFO - Đang lấy nội dung từ: https://vnexpress.net/diem-thi-thpt-2025-diem-thi-dai-hoc-2025-diem-thi-tot-nghiep-thpt-2025-phoi-bay-trinh-do-that-cua-hoc-sinh-4915359.html
2025-07-17 04:43:52,732 - INFO - [THÀNH CÔNG] Sử dụng selector: article.fck_detail
2025-07-17 04:43:52,733 - INFO - [THÀNH CÔNG] Đã xử lý: Điểm thi tốt nghiệp THPT 2025 phơi bày trình độ th...
2025-07-17 04:43:52,733 - INFO - Đang lấy nội dung từ: https://vnexpress.net/trang-phuc-giup-phuong-my-chi-toa-sang-o-sing-asia-4915221.html
2025-07-17 04:43:59,966 - INFO - [THÀNH CÔNG] Sử dụng selector: article.fck_detail
2025-07-17 04:43:59,967 - INFO - [THÀNH CÔNG] Đã xử lý: Trang phục giúp Phương Mỹ Chi tỏa sáng ở 'Sing! As...
2025-07-17 04:43:59,967 - INFO - Đang lấy nội dung từ: https://vnexpress.net/chay-lon-tai-xuong-sat-khu-dan-cu-o-tp-hcm-4915344.html
2025-07-17 04:44:14,010 - INFO - [THÀNH CÔNG] Sử dụng selector: article.fck_detail
2025-07-17 04:44:14,011 - INFO - [THÀNH CÔNG] Đã xử lý: Cháy lớn tại xưởng sát khu dân cư ở TP HCM...
2025-07-17 04:44:14,011 - INFO - Đang lấy nội dung từ: https://vnexpress.net/bien-chung-ban-chan-bet-do-tieu-duong-la-gi-4915340.html
2025-07-17 04:44:21,735 - INFO - [THÀNH CÔNG] Sử dụng selector: article.fck_detail
2025-07-17 04:44:21,735 - INFO - [THÀNH CÔNG] Đã xử lý: Biến chứng bàn chân bẹt do tiểu đường là gì?...
2025-07-17 04:44:21,735 - INFO - Đang lấy nội dung từ: https://vnexpress.net/8-phuong-phap-dieu-tri-ung-thu-phoi-di-can-xuong-4915315.html
2025-07-17 04:44:29,103 - INFO - [THÀNH CÔNG] Sử dụng selector: article.fck_detail
2025-07-17 04:44:29,103 - INFO - [THÀNH CÔNG] Đã xử lý: 8 phương pháp điều trị ung thư phổi di căn xương...
2025-07-17 04:44:29,104 - INFO - Đang lấy nội dung từ: https://vnexpress.net/gelex-electric-lai-hon-1-300-ty-dong-nua-dau-nam-4915291.html
2025-07-17 04:44:36,105 - INFO - [THÀNH CÔNG] Sử dụng selector: article.fck_detail
2025-07-17 04:44:36,106 - INFO - [THÀNH CÔNG] Đã xử lý: Gelex Electric lãi hơn 1.300 tỷ đồng nửa đầu năm...
2025-07-17 04:44:36,106 - INFO - Đang lấy nội dung từ: https://vnexpress.net/tim-phinh-to-gap-doi-sau-17-nam-hep-van-hai-la-4915286.html
2025-07-17 04:44:46,581 - INFO - [THÀNH CÔNG] Sử dụng selector: article.fck_detail
2025-07-17 04:44:46,581 - INFO - [THÀNH CÔNG] Đã xử lý: Tim phình to gấp đôi sau 17 năm hẹp van hai lá...
2025-07-17 04:44:46,581 - INFO - Đang lấy nội dung từ: https://vnexpress.net/lanh-dao-duoc-hau-giang-tieu-chuan-quoc-te-trong-tung-vien-thuoc-4915124.html
2025-07-17 04:45:00,557 - INFO - [THÀNH CÔNG] Sử dụng selector: article.fck_detail
2025-07-17 04:45:00,557 - INFO - [THÀNH CÔNG] Đã xử lý: Lãnh đạo Dược Hậu Giang: 'Tiêu chuẩn quốc tế trong...
2025-07-17 04:45:00,557 - INFO - Đang lấy nội dung từ: https://vnexpress.net/phanh-gap-xe-may-nguoi-phu-nu-lan-vao-banh-xe-tai-4915304.html
2025-07-17 04:45:13,866 - INFO - [THÀNH CÔNG] Sử dụng selector: article.fck_detail
2025-07-17 04:45:13,867 - INFO - [THÀNH CÔNG] Đã xử lý: Phanh gấp xe máy, người phụ nữ lăn vào bánh xe tải...
2025-07-17 04:45:13,867 - INFO - Đang lấy nội dung từ: https://vnexpress.net/chu-tich-ha-vien-my-muon-han-gan-voi-elon-musk-4915307.html
2025-07-17 04:45:22,471 - INFO - [THÀNH CÔNG] Sử dụng selector: article.fck_detail
2025-07-17 04:45:22,472 - INFO - [THÀNH CÔNG] Đã xử lý: Chủ tịch Hạ viện Mỹ muốn hàn gắn với Elon Musk...
2025-07-17 04:45:22,473 - INFO - Đang lấy nội dung từ: https://vnexpress.net/bat-dau-binh-chon-san-pham-toi-yeu-2025-4915011.html
2025-07-17 04:45:36,803 - INFO - [THÀNH CÔNG] Sử dụng selector: article.fck_detail
2025-07-17 04:45:36,804 - INFO - [THÀNH CÔNG] Đã xử lý: Bắt đầu bình chọn Sản phẩm tôi yêu 2025...
2025-07-17 04:45:36,804 - INFO - Đang lấy nội dung từ: https://vnexpress.net/viet-nam-thai-156-trieu-tan-rom-ra-ba-mia-chi-tai-che-duoc-10-35-4915252.html
2025-07-17 04:45:43,689 - INFO - [THÀNH CÔNG] Sử dụng selector: article.fck_detail
2025-07-17 04:45:43,690 - INFO - [THÀNH CÔNG] Đã xử lý: Việt Nam thải 156 triệu tấn rơm rạ, bã mía, chỉ tá...
2025-07-17 04:45:43,690 - INFO - Đang lấy nội dung từ: https://vnexpress.net/bi-mat-duong-di-cua-hanh-ly-ky-gui-o-san-bay-4915186.html
2025-07-17 04:45:51,143 - INFO - [THÀNH CÔNG] Sử dụng selector: article.fck_detail
2025-07-17 04:45:51,143 - INFO - [THÀNH CÔNG] Đã xử lý: Bí mật đường đi của hành lý ký gửi ở sân bay...
2025-07-17 04:45:51,144 - INFO - Đang lấy nội dung từ: https://vnexpress.net/my-muon-siet-cong-nghe-cap-bien-vien-thong-cua-trung-quoc-4915302.html
2025-07-17 04:45:57,571 - INFO - [THÀNH CÔNG] Sử dụng selector: article.fck_detail
2025-07-17 04:45:57,571 - INFO - [THÀNH CÔNG] Đã xử lý: Mỹ muốn siết công nghệ cáp biển viễn thông của Tru...
2025-07-17 04:45:57,571 - INFO - Đang lấy nội dung từ: https://vnexpress.net/nguoi-ukraine-hoai-nghi-ve-toi-hau-thu-cua-ong-trump-voi-nga-4915066.html
2025-07-17 04:46:06,251 - INFO - [THÀNH CÔNG] Sử dụng selector: article.fck_detail
2025-07-17 04:46:06,253 - INFO - [THÀNH CÔNG] Đã xử lý: Người Ukraine hoài nghi về tối hậu thư của ông Tru...
2025-07-17 04:46:06,254 - INFO - Đang lấy nội dung từ: https://vnexpress.net/the-gioi-dong-vat-hoang-da-qua-tranh-4914240.html
2025-07-17 04:46:14,891 - INFO - [THÀNH CÔNG] Sử dụng selector: article.fck_detail
2025-07-17 04:46:14,892 - INFO - [THÀNH CÔNG] Đã xử lý: Thế giới động vật hoang dã qua tranh...
2025-07-17 04:46:14,892 - INFO - Đang lấy nội dung từ: https://vnexpress.net/tinh-yeu-tay-ba-moi-quan-he-phuc-tap-em-van-qua-lai-voi-ban-trai-du-duoc-toi-chu-cap-tien-an-hoc-4915099.html
2025-07-17 04:46:20,782 - INFO - [THÀNH CÔNG] Sử dụng selector: article.fck_detail
2025-07-17 04:46:20,782 - INFO - [THÀNH CÔNG] Đã xử lý: Em vẫn qua lại với bạn trai dù được tôi chu cấp ti...
2025-07-17 04:46:20,782 - INFO - Đang lấy nội dung từ: https://vnexpress.net/nhom-du-khach-han-quoc-au-da-o-quan-lau-4915280.html
2025-07-17 04:46:32,119 - INFO - [THÀNH CÔNG] Sử dụng selector: article.fck_detail
2025-07-17 04:46:32,120 - INFO - [THÀNH CÔNG] Đã xử lý: Nhóm du khách Hàn Quốc ẩu đả ở quán lẩu...
2025-07-17 04:46:32,120 - INFO - Đang lấy nội dung từ: https://vnexpress.net/ha-noi-cam-xe-xang-vanh-dai-mot-phuong-an-ho-tro-mua-xe-dien-xu-ly-xe-xang-4915334.html
2025-07-17 04:46:43,369 - INFO - [THÀNH CÔNG] Sử dụng selector: article.fck_detail
2025-07-17 04:46:43,370 - INFO - [THÀNH CÔNG] Đã xử lý: 450 nghìn xe máy xăng dầu ở vành đai 1 Hà Nội đi v...
2025-07-17 04:46:43,370 - INFO - Đang lấy nội dung từ: https://vnexpress.net/toyota-wigo-ban-vuot-hyundai-i10-thang-6-4915214.html
2025-07-17 04:46:52,984 - INFO - [THÀNH CÔNG] Sử dụng selector: article.fck_detail
2025-07-17 04:46:52,985 - INFO - [THÀNH CÔNG] Đã xử lý: Toyota Wigo bán vượt Hyundai i10 tháng 6...
2025-07-17 04:46:52,985 - INFO - Đang lấy nội dung từ: https://vnexpress.net/wincommerce-dat-doanh-thu-gan-18-000-ty-trong-nua-dau-nam-4915299.html
2025-07-17 04:47:03,333 - INFO - [THÀNH CÔNG] Sử dụng selector: article.fck_detail
2025-07-17 04:47:03,334 - INFO - [THÀNH CÔNG] Đã xử lý: WinCommerce đạt doanh thu gần 18.000 tỷ trong nửa ...
2025-07-17 04:47:03,334 - INFO - Đang lấy nội dung từ: https://vnexpress.net/vinhomes-va-vincom-retail-hop-tac-phat-trien-pho-thuong-mai-hang-sang-4915289.html
2025-07-17 04:47:17,159 - INFO - [THÀNH CÔNG] Sử dụng selector: article.fck_detail
2025-07-17 04:47:17,160 - INFO - [THÀNH CÔNG] Đã xử lý: Vinhomes và Vincom Retail hợp tác phát triển phố t...
2025-07-17 04:47:17,160 - INFO - Đang lấy nội dung từ: https://vnexpress.net/ban-khoan-cua-nhieu-me-viet-khi-chon-sua-cho-con-4915237.html
2025-07-17 04:47:23,389 - INFO - [THÀNH CÔNG] Sử dụng selector: article.fck_detail
2025-07-17 04:47:23,390 - INFO - [THÀNH CÔNG] Đã xử lý: Băn khoăn của nhiều mẹ Việt khi chọn sữa cho con...
2025-07-17 04:47:23,390 - INFO - Đang lấy nội dung từ: https://vnexpress.net/chien-luoc-dau-tu-cua-quy-dcds-4915177.html
2025-07-17 04:47:36,257 - INFO - [THÀNH CÔNG] Sử dụng selector: article.fck_detail
2025-07-17 04:47:36,257 - INFO - [THÀNH CÔNG] Đã xử lý: Chiến lược đầu tư của quỹ DCDS...
2025-07-17 04:47:36,257 - INFO - Đang lấy nội dung từ: https://vnexpress.net/imexpharm-dau-an-phat-trien-xanh-tai-csa-2025-4915151.html
2025-07-17 04:47:45,528 - INFO - [THÀNH CÔNG] Sử dụng selector: article.fck_detail
2025-07-17 04:47:45,529 - INFO - [THÀNH CÔNG] Đã xử lý: Imexpharm - dấu ấn phát triển xanh tại CSA 2025...
2025-07-17 04:47:45,529 - INFO - Đang lấy nội dung từ: https://vnexpress.net/trai-nghiem-am-thuc-the-gioi-voi-waves-of-flavor-tai-le-meridien-saigon-4914595.html
2025-07-17 04:47:52,522 - INFO - [THÀNH CÔNG] Sử dụng selector: article.fck_detail
2025-07-17 04:47:52,522 - INFO - [THÀNH CÔNG] Đã xử lý: Trải nghiệm ẩm thực thế giới với 'Waves of Flavor'...
2025-07-17 04:47:52,522 - INFO - Đang lấy nội dung từ: https://vnexpress.net/vnuk-mo-rong-chuong-trinh-dao-tao-nganh-cong-nghe-ky-thuat-4914564.html
2025-07-17 04:48:04,271 - INFO - [THÀNH CÔNG] Sử dụng selector: article.fck_detail
2025-07-17 04:48:04,273 - INFO - [THÀNH CÔNG] Đã xử lý: VNUK mở rộng chương trình đào tạo ngành công nghệ,...
2025-07-17 04:48:04,274 - INFO - Đang lấy nội dung từ: https://vnexpress.net/nhung-uu-tien-cua-nguoi-tieu-dung-khi-chon-gia-vi-4906754.html
2025-07-17 04:48:12,910 - INFO - [THÀNH CÔNG] Sử dụng selector: article.fck_detail
2025-07-17 04:48:12,911 - INFO - [THÀNH CÔNG] Đã xử lý: Những ưu tiên của người tiêu dùng khi chọn gia vị...
2025-07-17 04:48:12,911 - INFO - Đang lấy nội dung từ: https://vnexpress.net/em-thich-cuoc-song-yen-binh-nhe-nhang-4914631.html
2025-07-17 04:48:19,741 - INFO - [THÀNH CÔNG] Sử dụng selector: article.fck_detail
2025-07-17 04:48:19,742 - INFO - [THÀNH CÔNG] Đã xử lý: Em thích cuộc sống yên bình, nhẹ nhàng...
2025-07-17 04:48:19,742 - INFO - Đang lấy nội dung từ: https://vnexpress.net/syria-rut-quan-khoi-thanh-pho-mien-nam-sau-don-dan-mat-cua-israel-4915264.html
2025-07-17 04:48:29,586 - INFO - [THÀNH CÔNG] Sử dụng selector: article.fck_detail
2025-07-17 04:48:29,587 - INFO - [THÀNH CÔNG] Đã xử lý: Syria rút quân khỏi thành phố miền nam sau đòn dằn...
2025-07-17 04:48:29,587 - INFO - Đang lấy nội dung từ: https://vnexpress.net/vi-sao-modric-chon-milan-4915301.html
2025-07-17 04:48:43,014 - INFO - [THÀNH CÔNG] Sử dụng selector: article.fck_detail
2025-07-17 04:48:43,015 - INFO - [THÀNH CÔNG] Đã xử lý: Vì sao Modric chọn Milan?...
2025-07-17 04:48:43,015 - INFO - Đang lấy nội dung từ: https://vnexpress.net/cau-do-tieng-viet-do-chu-day-la-chu-gi-tu-tieng-viet-nao-de-nguyen-la-con-ngua-them-duoi-thanh-con-meo-4915100.html
2025-07-17 04:48:51,261 - INFO - [THÀNH CÔNG] Sử dụng selector: article.fck_detail
2025-07-17 04:48:51,261 - INFO - [THÀNH CÔNG] Đã xử lý: Từ tiếng Việt nào để nguyên là con ngựa, thêm 'đuô...
2025-07-17 04:48:51,261 - INFO - Đang lấy nội dung từ: https://vnexpress.net/messi-dut-mach-ghi-ban-trong-tran-thua-dam-doi-nhi-bang-mls-4915281.html
2025-07-17 04:49:00,351 - INFO - [THÀNH CÔNG] Sử dụng selector: article.fck_detail
2025-07-17 04:49:00,354 - INFO - [THÀNH CÔNG] Đã xử lý: Messi đứt mạch ghi bàn trong trận thua đậm đội nhì...
2025-07-17 04:49:00,354 - INFO - Đang lấy nội dung từ: https://vnexpress.net/doanh-so-mitsubishi-xpander-ap-dao-cac-doi-thu-nua-dau-2025-4915083.html
2025-07-17 04:49:10,013 - INFO - [THÀNH CÔNG] Sử dụng selector: article.fck_detail
2025-07-17 04:49:10,014 - INFO - [THÀNH CÔNG] Đã xử lý: Doanh số Mitsubishi Xpander áp đảo các đối thủ nửa...
2025-07-17 04:49:10,014 - INFO - Đang lấy nội dung từ: https://vnexpress.net/ong-trump-noi-se-rat-hoan-nghenh-neu-chu-tich-fed-tu-chuc-4915287.html
2025-07-17 04:49:24,757 - INFO - [THÀNH CÔNG] Sử dụng selector: article.fck_detail
2025-07-17 04:49:24,758 - INFO - [THÀNH CÔNG] Đã xử lý: Ông Trump nói 'sẽ rất hoan nghênh' nếu Chủ tịch Fe...
2025-07-17 04:49:24,758 - INFO - Đang lấy nội dung từ: https://vnexpress.net/ta-van-sa-pa-nam-trong-6-ngoi-lang-dep-nhat-chau-a-4915042.html
2025-07-17 04:49:32,186 - INFO - [THÀNH CÔNG] Sử dụng selector: article.fck_detail
2025-07-17 04:49:32,186 - INFO - [THÀNH CÔNG] Đã xử lý: Tả Van, Sa Pa nằm trong 6 ngôi làng đẹp nhất châu ...
2025-07-17 04:49:32,187 - INFO - Đang lấy nội dung từ: https://vnexpress.net/tp-hcm-lap-benh-vien-luan-phien-bac-si-tuyen-cuoi-den-con-dao-4915259.html
2025-07-17 04:51:52,464 - INFO - [THÀNH CÔNG] Sử dụng selector: article.fck_detail
2025-07-17 04:51:52,465 - INFO - [THÀNH CÔNG] Đã xử lý: TP HCM lập bệnh viện, luân phiên bác sĩ tuyến cuối...
2025-07-17 04:51:52,465 - INFO - Đang lấy nội dung từ: https://vnexpress.net/o-nhiem-khong-khi-anh-huong-suc-khoe-the-nao-4914898.html
2025-07-17 04:51:58,856 - INFO - [THÀNH CÔNG] Sử dụng selector: article.fck_detail
2025-07-17 04:51:58,856 - WARNING - [CẢNH BÁO] Nội dung quá ngắn (25 ký tự)
2025-07-17 04:51:58,856 - WARNING - [THẤT BẠI] Không lấy được nội dung từ trang: Ô nhiễm không khí ảnh hưởng sức khỏe thế nào...
2025-07-17 04:51:58,857 - INFO - Đang lấy nội dung từ: https://vnexpress.net/thu-gian-video-hai-chuyen-la-may-xuc-trong-cay-chuoi-de-treo-len-xe-tai-4915050.html
2025-07-17 04:52:07,606 - INFO - [THÀNH CÔNG] Sử dụng selector: article.fck_detail
2025-07-17 04:52:07,607 - INFO - [THÀNH CÔNG] Đã xử lý: Máy xúc 'trồng cây chuối' để trèo lên xe tải...
2025-07-17 04:52:07,608 - INFO - Đang lấy nội dung từ: https://vnexpress.net/fpt-sang-tao-1-000-quang-cao-ooh-theo-dac-trung-tung-tinh-4915262.html
2025-07-17 04:52:14,545 - INFO - [THÀNH CÔNG] Sử dụng selector: article.fck_detail
2025-07-17 04:52:14,546 - INFO - [THÀNH CÔNG] Đã xử lý: FPT sáng tạo 1.000 quảng cáo OOH theo đặc trưng từ...
2025-07-17 04:52:14,546 - INFO - Đang lấy nội dung từ: https://vnexpress.net/bi-bong-vong-mac-co-can-mo-khong-4915227.html
2025-07-17 04:52:22,672 - INFO - [THÀNH CÔNG] Sử dụng selector: article.fck_detail
2025-07-17 04:52:22,672 - INFO - [THÀNH CÔNG] Đã xử lý: Bị bong võng mạc có cần mổ không?...
2025-07-17 04:52:22,673 - INFO - Đang lấy nội dung từ: https://vnexpress.net/het-can-va-loan-thi-sau-mo-mat-4915225.html
2025-07-17 04:52:28,364 - INFO - [THÀNH CÔNG] Sử dụng selector: article.fck_detail
2025-07-17 04:52:28,365 - INFO - [THÀNH CÔNG] Đã xử lý: Hết cận và loạn thị sau mổ mắt...
2025-07-17 04:52:28,365 - INFO - Đang lấy nội dung từ: https://vnexpress.net/opella-b-corp-la-he-quy-chieu-cho-doanh-nghiep-phat-trien-ben-vung-4915217.html
2025-07-17 04:52:36,771 - INFO - [THÀNH CÔNG] Sử dụng selector: article.fck_detail
2025-07-17 04:52:36,772 - INFO - [THÀNH CÔNG] Đã xử lý: Opella: 'B-Corp là hệ quy chiếu cho doanh nghiệp p...
2025-07-17 04:52:36,772 - INFO - Đang lấy nội dung từ: https://vnexpress.net/viet-nam-thai-156-trieu-tan-rom-ra-ba-mia-chi-tai-che-duoc-10-35-4915252.html
2025-07-17 04:52:43,583 - INFO - [THÀNH CÔNG] Sử dụng selector: article.fck_detail
2025-07-17 04:52:43,584 - INFO - [THÀNH CÔNG] Đã xử lý: Việt Nam thải 156 triệu tấn rơm rạ, bã mía, chỉ tá...
2025-07-17 04:52:43,584 - INFO - Đang lấy nội dung từ: https://vnexpress.net/ong-trump-noi-se-rat-hoan-nghenh-neu-chu-tich-fed-tu-chuc-4915287.html
2025-07-17 04:53:05,722 - INFO - [THÀNH CÔNG] Sử dụng selector: article.fck_detail
2025-07-17 04:53:05,722 - INFO - [THÀNH CÔNG] Đã xử lý: Ông Trump nói 'sẽ rất hoan nghênh' nếu Chủ tịch Fe...
2025-07-17 04:53:05,722 - INFO - Đang lấy nội dung từ: https://vnexpress.net/thi-truong-xe-dien-hai-banh-trung-quoc-phat-trien-ra-sao-4914830.html
2025-07-17 04:53:12,452 - INFO - [THÀNH CÔNG] Sử dụng selector: article.fck_detail
2025-07-17 04:53:12,453 - INFO - [THÀNH CÔNG] Đã xử lý: Thị trường xe điện hai bánh Trung Quốc phát triển ...
2025-07-17 04:53:12,453 - INFO - Đang lấy nội dung từ: https://vnexpress.net/hon-5-2-ty-usd-kieu-hoi-ve-tp-hcm-nua-dau-nam-4915242.html
2025-07-17 04:53:27,467 - INFO - [THÀNH CÔNG] Sử dụng selector: article.fck_detail
2025-07-17 04:53:27,468 - INFO - [THÀNH CÔNG] Đã xử lý: Hơn 5,2 tỷ USD kiều hối về TP HCM nửa đầu năm...
2025-07-17 04:53:27,468 - INFO - Đang lấy nội dung từ: https://vnexpress.net/thach-thuc-dang-sau-muc-tang-truong-vuot-du-bao-cua-trung-quoc-4915147.html
2025-07-17 04:53:38,697 - INFO - [THÀNH CÔNG] Sử dụng selector: article.fck_detail
2025-07-17 04:53:38,698 - INFO - [THÀNH CÔNG] Đã xử lý: Thách thức đằng sau mức tăng trưởng vượt dự báo củ...
2025-07-17 04:53:38,698 - INFO - Đang lấy nội dung từ: https://vnexpress.net/lam-gia-nuoc-tay-rua-doanh-nghiep-bi-phat-180-trieu-dong-4915320.html
2025-07-17 04:53:46,789 - INFO - [THÀNH CÔNG] Sử dụng selector: article.fck_detail
2025-07-17 04:53:46,789 - INFO - [THÀNH CÔNG] Đã xử lý: Làm giả nước tẩy rửa, doanh nghiệp bị phạt 180 tri...
2025-07-17 04:53:46,790 - INFO - Đang lấy nội dung từ: https://vnexpress.net/chu-so-huu-vodka-ha-noi-bao-lo-tro-lai-4914764.html
2025-07-17 04:53:54,176 - INFO - [THÀNH CÔNG] Sử dụng selector: article.fck_detail
2025-07-17 04:53:54,177 - INFO - [THÀNH CÔNG] Đã xử lý: Chủ sở hữu Vodka Hà Nội báo lỗ trở lại...
2025-07-17 04:53:54,177 - INFO - Đang lấy nội dung từ: https://vnexpress.net/msb-cong-bo-khung-tai-chinh-ben-vung-4915297.html
2025-07-17 04:54:03,319 - INFO - [THÀNH CÔNG] Sử dụng selector: article.fck_detail
2025-07-17 04:54:03,320 - INFO - [THÀNH CÔNG] Đã xử lý: MSB công bố khung tài chính bền vững...
2025-07-17 04:54:03,320 - INFO - Đang lấy nội dung từ: https://vnexpress.net/tong-giam-doc-vietnam-airlines-nhieu-chi-so-se-vuot-ke-hoach-4915110.html
2025-07-17 04:54:18,211 - INFO - [THÀNH CÔNG] Sử dụng selector: article.fck_detail
2025-07-17 04:54:18,211 - INFO - [THÀNH CÔNG] Đã xử lý: Tổng giám đốc Vietnam Airlines: 'Nhiều chỉ số sẽ v...
2025-07-17 04:54:18,212 - INFO - Đang lấy nội dung từ: https://vnexpress.net/gelex-electric-lai-hon-1-300-ty-dong-nua-dau-nam-4915291.html
2025-07-17 04:54:25,926 - INFO - [THÀNH CÔNG] Sử dụng selector: article.fck_detail
2025-07-17 04:54:25,926 - INFO - [THÀNH CÔNG] Đã xử lý: Gelex Electric lãi hơn 1.300 tỷ đồng nửa đầu năm...
2025-07-17 04:54:25,926 - INFO - Đang lấy nội dung từ: https://vnexpress.net/wincommerce-dat-doanh-thu-gan-18-000-ty-trong-nua-dau-nam-4915299.html
2025-07-17 04:54:35,092 - INFO - [THÀNH CÔNG] Sử dụng selector: article.fck_detail
2025-07-17 04:54:35,093 - INFO - [THÀNH CÔNG] Đã xử lý: WinCommerce đạt doanh thu gần 18.000 tỷ trong nửa ...
2025-07-17 04:54:35,093 - INFO - Đang lấy nội dung từ: https://vnexpress.net/chien-luoc-dau-tu-cua-quy-dcds-4915177.html
2025-07-17 04:54:51,671 - INFO - [THÀNH CÔNG] Sử dụng selector: article.fck_detail
2025-07-17 04:54:51,671 - INFO - [THÀNH CÔNG] Đã xử lý: Chiến lược đầu tư của quỹ DCDS...
2025-07-17 04:54:51,672 - INFO - Đang lấy nội dung từ: https://vnexpress.net/chuyen-gia-nasdaq-dong-hanh-meey-group-trong-hanh-trinh-ipo-4915049.html
2025-07-17 04:54:58,894 - INFO - [THÀNH CÔNG] Sử dụng selector: article.fck_detail
2025-07-17 04:54:58,895 - INFO - [THÀNH CÔNG] Đã xử lý: Chuyên gia Nasdaq đồng hành Meey Group trong hành ...
2025-07-17 04:54:58,895 - INFO - Đang lấy nội dung từ: https://vnexpress.net/doanh-nghiep-trung-quoc-muon-phat-trien-do-thi-thong-minh-tai-viet-nam-4915201.html
2025-07-17 04:55:05,814 - INFO - [THÀNH CÔNG] Sử dụng selector: article.fck_detail
2025-07-17 04:55:05,814 - INFO - [THÀNH CÔNG] Đã xử lý: Doanh nghiệp Trung Quốc muốn phát triển đô thị thô...
2025-07-17 04:55:05,814 - INFO - Đang lấy nội dung từ: https://vnexpress.net/cac-ngan-hang-dau-tu-lon-cho-cong-nghe-nhung-thieu-nguoi-van-hanh-4915143.html
2025-07-17 04:55:20,708 - INFO - [THÀNH CÔNG] Sử dụng selector: article.fck_detail
2025-07-17 04:55:20,709 - INFO - [THÀNH CÔNG] Đã xử lý: 'Các ngân hàng đầu tư lớn cho công nghệ nhưng thiế...
2025-07-17 04:55:20,709 - INFO - Đang lấy nội dung từ: https://vnexpress.net/chung-khoan-tang-vot-4915091.html
2025-07-17 04:57:44,980 - INFO - [THÀNH CÔNG] Sử dụng selector: article.fck_detail
2025-07-17 04:57:44,981 - INFO - [THÀNH CÔNG] Đã xử lý: Chứng khoán tăng vọt...
2025-07-17 04:57:44,981 - INFO - Đang lấy nội dung từ: https://vnexpress.net/hoa-phat-lai-quy-ii-cao-nhat-3-nam-4914986.html
2025-07-17 04:57:56,742 - INFO - [THÀNH CÔNG] Sử dụng selector: article.fck_detail
2025-07-17 04:57:56,743 - INFO - [THÀNH CÔNG] Đã xử lý: Hòa Phát lãi quý II cao nhất 3 năm...
2025-07-17 04:57:56,744 - INFO - Đang lấy nội dung từ: https://vnexpress.net/ceo-binance-den-viet-nam-nguoi-tre-se-thich-tien-so-hon-chung-khoan-4914740.html
2025-07-17 04:58:08,009 - INFO - [THÀNH CÔNG] Sử dụng selector: article.fck_detail
2025-07-17 04:58:08,010 - INFO - [THÀNH CÔNG] Đã xử lý: CEO Binance: Người trẻ Việt Nam sẽ thích tiền số h...
2025-07-17 04:58:08,010 - INFO - Đang lấy nội dung từ: https://vnexpress.net/thu-tuong-phan-dau-tang-truong-kinh-te-nam-nay-8-3-8-5-4914959.html
2025-07-17 04:58:16,948 - INFO - [THÀNH CÔNG] Sử dụng selector: article.fck_detail
2025-07-17 04:58:16,949 - INFO - [THÀNH CÔNG] Đã xử lý: Thủ tướng: Phấn đấu tăng trưởng kinh tế năm nay 8,...
2025-07-17 04:58:16,949 - INFO - Đang lấy nội dung từ: https://vnexpress.net/ong-trump-noi-doi-tac-nho-se-chiu-thue-tren-10-mot-chut-4914916.html
2025-07-17 04:58:26,304 - INFO - [THÀNH CÔNG] Sử dụng selector: article.fck_detail
2025-07-17 04:58:26,305 - INFO - [THÀNH CÔNG] Đã xử lý: Ông Trump nói đối tác nhỏ sẽ chịu thuế 'trên 10% m...
2025-07-17 04:58:26,305 - INFO - Đang lấy nội dung từ: https://vnexpress.net/vi-dien-tu-ngan-hang-co-the-khong-duoc-de-nghen-giao-dich-qua-30-phut-4914794.html
2025-07-17 04:58:41,989 - INFO - [THÀNH CÔNG] Sử dụng selector: article.fck_detail
2025-07-17 04:58:41,989 - INFO - [THÀNH CÔNG] Đã xử lý: Ví điện tử, ngân hàng có thể không được để nghẽn g...
2025-07-17 04:58:41,989 - INFO - Đang lấy nội dung từ: https://vnexpress.net/vinspeed-tang-von-len-15-000-ty-dong-4914918.html
2025-07-17 04:58:57,051 - INFO - [THÀNH CÔNG] Sử dụng selector: article.fck_detail
2025-07-17 04:58:57,052 - INFO - [THÀNH CÔNG] Đã xử lý: VinSpeed tăng vốn lên 15.000 tỷ đồng...
2025-07-17 04:58:57,052 - INFO - Đang lấy nội dung từ: https://vnexpress.net/chuyen-phan-von-nha-nuoc-tai-fpt-telecom-ve-bo-cong-an-4914816.html
2025-07-17 04:59:09,676 - INFO - [THÀNH CÔNG] Sử dụng selector: article.fck_detail
2025-07-17 04:59:09,677 - INFO - [THÀNH CÔNG] Đã xử lý: Chuyển phần vốn Nhà nước tại FPT Telecom về Bộ Côn...
2025-07-17 04:59:09,677 - INFO - Đang lấy nội dung từ: https://vnexpress.net/30-nam-kinh-doanh-cua-doanh-nghiep-viet-my-4913730.html
2025-07-17 04:59:19,106 - INFO - [THÀNH CÔNG] Sử dụng selector: article.fck_detail
2025-07-17 04:59:19,107 - INFO - [THÀNH CÔNG] Đã xử lý: 30 năm kinh doanh của doanh nghiệp Việt - Mỹ...
2025-07-17 04:59:19,108 - INFO - Đang lấy nội dung từ: https://vnexpress.net/chu-tich-nuoc-canh-tranh-la-can-thiet-nhung-hop-tac-de-cung-thang-4914927.html
2025-07-17 04:59:28,336 - INFO - [THÀNH CÔNG] Sử dụng selector: article.fck_detail
2025-07-17 04:59:28,337 - INFO - [THÀNH CÔNG] Đã xử lý: Chủ tịch nước: Cạnh tranh là cần thiết nhưng hợp t...
2025-07-17 04:59:28,337 - INFO - Đang lấy nội dung từ: https://vnexpress.net/ong-trump-cong-bo-thoa-thuan-thuong-mai-voi-indonesia-4914788.html
2025-07-17 04:59:37,242 - INFO - [THÀNH CÔNG] Sử dụng selector: article.fck_detail
2025-07-17 04:59:37,243 - INFO - [THÀNH CÔNG] Đã xử lý: Ông Trump công bố thỏa thuận thương mại với Indone...
2025-07-17 04:59:37,243 - INFO - Đang lấy nội dung từ: https://vnexpress.net/ly-do-fed-kho-giam-lai-ve-1-nhu-ong-trump-muon-4914568.html
2025-07-17 04:59:47,978 - INFO - [THÀNH CÔNG] Sử dụng selector: article.fck_detail
2025-07-17 04:59:47,979 - INFO - [THÀNH CÔNG] Đã xử lý: Lý do Fed khó giảm lãi về 1% như ông Trump muốn...
2025-07-17 04:59:47,979 - INFO - Đang lấy nội dung từ: https://vnexpress.net/viet-nam-chi-gan-4-000-ty-dong-nhap-hat-de-cuoi-4914574.html
2025-07-17 05:00:04,591 - INFO - [THÀNH CÔNG] Sử dụng selector: article.fck_detail
2025-07-17 05:00:04,592 - INFO - [THÀNH CÔNG] Đã xử lý: Việt Nam chi gần 4.000 tỷ đồng nhập hạt dẻ cười...
2025-07-17 05:00:04,592 - INFO - Đang lấy nội dung từ: https://vnexpress.net/muc-thue-30-cua-ong-trump-phu-bong-trien-vong-kinh-te-eu-4914673.html
2025-07-17 05:00:13,764 - INFO - [THÀNH CÔNG] Sử dụng selector: article.fck_detail
2025-07-17 05:00:13,765 - INFO - [THÀNH CÔNG] Đã xử lý: Mức thuế 30% của ông Trump phủ bóng triển vọng kin...
2025-07-17 05:00:13,765 - INFO - Đang lấy nội dung từ: https://vnexpress.net/vicem-ha-tien-dat-chung-nhan-quoc-te-ve-moi-truong-4915204.html
2025-07-17 05:00:23,386 - INFO - [THÀNH CÔNG] Sử dụng selector: article.fck_detail
2025-07-17 05:00:23,387 - INFO - [THÀNH CÔNG] Đã xử lý: Vicem Hà Tiên đạt chứng nhận quốc tế về môi trường...
2025-07-17 05:00:23,387 - INFO - Đang lấy nội dung từ: https://vnexpress.net/9-chinh-sach-moi-ho-tro-doanh-nghiep-mo-rong-quy-mo-4915119.html
2025-07-17 05:02:42,157 - INFO - [THÀNH CÔNG] Sử dụng selector: article.fck_detail
2025-07-17 05:02:42,157 - WARNING - [CẢNH BÁO] Nội dung quá ngắn (37 ký tự)
2025-07-17 05:02:42,157 - WARNING - [THẤT BẠI] Không lấy được nội dung từ trang: 9 chính sách mới hỗ trợ doanh nghiệp mở rộng quy m...
2025-07-17 05:02:42,157 - INFO - Đang lấy nội dung từ: https://vnexpress.net/shopeefood-them-tinh-nang-cho-nguoi-dung-tao-don-bay-cho-doi-tac-4915002.html
2025-07-17 05:02:51,527 - INFO - [THÀNH CÔNG] Sử dụng selector: article.fck_detail
2025-07-17 05:02:51,528 - INFO - [THÀNH CÔNG] Đã xử lý: ShopeeFood thêm tính năng cho người dùng, tạo đòn ...
2025-07-17 05:02:51,528 - INFO - Đang lấy nội dung từ: https://vnexpress.net/masan-vao-top-50-doanh-nghiep-phat-trien-ben-vung-tieu-bieu-4915006.html
2025-07-17 05:03:00,776 - INFO - [THÀNH CÔNG] Sử dụng selector: article.fck_detail
2025-07-17 05:03:00,777 - INFO - [THÀNH CÔNG] Đã xử lý: Masan vào Top 50 doanh nghiệp phát triển bền vững ...
2025-07-17 05:03:00,777 - INFO - Đang lấy nội dung từ: https://vnexpress.net/home-credit-trien-khai-loat-uu-dai-tai-chinh-mua-tuu-truong-4914931.html
2025-07-17 05:03:09,402 - INFO - [THÀNH CÔNG] Sử dụng selector: article.fck_detail
2025-07-17 05:03:09,403 - INFO - [THÀNH CÔNG] Đã xử lý: Home Credit triển khai loạt ưu đãi tài chính mùa t...
2025-07-17 05:03:09,403 - INFO - Đang lấy nội dung từ: https://vnexpress.net/pnj-nhan-cu-dup-tai-top-50-csa-4914907.html
2025-07-17 05:03:19,406 - INFO - [THÀNH CÔNG] Sử dụng selector: article.fck_detail
2025-07-17 05:03:19,408 - INFO - [THÀNH CÔNG] Đã xử lý: PNJ nhận cú đúp tại Top 50 CSA...
2025-07-17 05:03:19,408 - INFO - Đang lấy nội dung từ: https://vnexpress.net/247express-ra-mat-bo-nhan-dien-thuong-hieu-ky-niem-20-nam-4913990.html
2025-07-17 05:03:27,442 - INFO - [THÀNH CÔNG] Sử dụng selector: article.fck_detail
2025-07-17 05:03:27,444 - INFO - [THÀNH CÔNG] Đã xử lý: 247Express ra mắt bộ nhận diện thương hiệu kỷ niệm...
2025-07-17 05:03:27,444 - INFO - Đang lấy nội dung từ: https://vnexpress.net/tikinow-bi-phat-200-trieu-dong-vi-canh-tranh-khong-lanh-manh-4914756.html
2025-07-17 05:03:40,261 - INFO - [THÀNH CÔNG] Sử dụng selector: article.fck_detail
2025-07-17 05:03:40,261 - INFO - [THÀNH CÔNG] Đã xử lý: TikiNow bị phạt 200 triệu đồng vì cạnh tranh không...
2025-07-17 05:03:40,261 - INFO - Đang lấy nội dung từ: https://vnexpress.net/hai-khach-hang-khong-deo-mat-na-nhan-giai-vietlott-hon-chuc-ty-dong-4914729.html
2025-07-17 05:03:49,726 - INFO - [THÀNH CÔNG] Sử dụng selector: article.fck_detail
2025-07-17 05:03:49,726 - INFO - [THÀNH CÔNG] Đã xử lý: Hai khách hàng không đeo mặt nạ nhận giải Vietlott...
2025-07-17 05:03:49,727 - INFO - Đang lấy nội dung từ: https://vnexpress.net/hai-phong-dang-tro-thanh-trung-tam-logistics-trong-diem-ca-nuoc-4914696.html
2025-07-17 05:04:00,839 - INFO - [THÀNH CÔNG] Sử dụng selector: article.fck_detail
2025-07-17 05:04:00,840 - INFO - [THÀNH CÔNG] Đã xử lý: 'Hải Phòng đang trở thành trung tâm logistics trọn...
2025-07-17 05:04:00,840 - INFO - Đang lấy nội dung từ: https://vnexpress.net/can-giup-nguoi-dan-tu-tin-mua-tien-so-nhu-mua-vang-4914613.html
2025-07-17 05:04:10,346 - INFO - [THÀNH CÔNG] Sử dụng selector: article.fck_detail
2025-07-17 05:04:10,347 - INFO - [THÀNH CÔNG] Đã xử lý: 'Cần giúp người dân tự tin mua tiền số như mua vàn...
2025-07-17 05:04:10,347 - INFO - Đang lấy nội dung từ: https://vnexpress.net/cua-hang-ban-san-pham-gia-gucci-chanel-bi-phat-hon-100-trieu-dong-4914601.html
2025-07-17 05:04:19,795 - INFO - [THÀNH CÔNG] Sử dụng selector: article.fck_detail
2025-07-17 05:04:19,796 - INFO - [THÀNH CÔNG] Đã xử lý: Cửa hàng bán sản phẩm giả Gucci, Chanel bị phạt hơ...
2025-07-17 05:04:19,797 - INFO - Đang lấy nội dung từ: https://vnexpress.net/chung-khoan-dao-chieu-giam-manh-4914592.html
2025-07-17 05:04:28,222 - INFO - [THÀNH CÔNG] Sử dụng selector: article.fck_detail
2025-07-17 05:04:28,223 - INFO - [THÀNH CÔNG] Đã xử lý: Chứng khoán đảo chiều giảm mạnh...
2025-07-17 05:04:28,223 - INFO - Đang lấy nội dung từ: https://vnexpress.net/hoa-sen-lai-vuot-ke-hoach-gan-30-4914479.html
2025-07-17 05:04:39,006 - INFO - [THÀNH CÔNG] Sử dụng selector: article.fck_detail
2025-07-17 05:04:39,006 - INFO - [THÀNH CÔNG] Đã xử lý: Hoa Sen lãi vượt kế hoạch gần 30%...
2025-07-17 05:04:39,006 - INFO - Đang lấy nội dung từ: https://vnexpress.net/nam-ninh-tu-thanh-pho-xe-may-den-thu-phu-xe-dien-hai-banh-trung-quoc-4914157.html
2025-07-17 05:04:51,802 - INFO - [THÀNH CÔNG] Sử dụng selector: article.fck_detail
2025-07-17 05:04:51,806 - INFO - [THÀNH CÔNG] Đã xử lý: Nam Ninh - từ thành phố xe máy đến thủ phủ xe điện...
2025-07-17 05:04:51,806 - INFO - Đang lấy nội dung từ: https://vnexpress.net/kinh-te-trung-quoc-tang-truong-vuot-du-bao-4914404.html
2025-07-17 05:05:01,487 - INFO - [THÀNH CÔNG] Sử dụng selector: article.fck_detail
2025-07-17 05:05:01,487 - INFO - [THÀNH CÔNG] Đã xử lý: Kinh tế Trung Quốc tăng trưởng vượt dự báo...
2025-07-17 05:05:01,487 - INFO - Đang lấy nội dung từ: https://vnexpress.net/nua-trieu-dong-mot-kg-man-vang-hoang-de-trung-quoc-4912498.html
2025-07-17 05:05:09,131 - INFO - [THÀNH CÔNG] Sử dụng selector: article.fck_detail
2025-07-17 05:05:09,131 - INFO - [THÀNH CÔNG] Đã xử lý: Nửa triệu đồng một kg mận vàng hoàng đế Trung Quốc...
2025-07-17 05:05:09,132 - INFO - Đang lấy nội dung từ: https://vnexpress.net/chu-du-an-vinhomes-global-gate-thay-tong-giam-doc-4914681.html
2025-07-17 05:05:22,281 - INFO - [THÀNH CÔNG] Sử dụng selector: article.fck_detail
2025-07-17 05:05:22,281 - INFO - [THÀNH CÔNG] Đã xử lý: Chủ dự án Vinhomes Global Gate thay tổng giám đốc...
2025-07-17 05:05:22,281 - INFO - Đang lấy nội dung từ: https://vnexpress.net/cong-ty-chung-khoan-cua-techcombank-lai-ky-luc-4914493.html
2025-07-17 05:05:31,831 - INFO - [THÀNH CÔNG] Sử dụng selector: article.fck_detail
2025-07-17 05:05:31,833 - INFO - [THÀNH CÔNG] Đã xử lý: Công ty chứng khoán của Techcombank lãi kỷ lục...
2025-07-17 05:05:31,833 - INFO - Đang lấy nội dung từ: https://vnexpress.net/greenwashing-va-nhung-tro-tay-xanh-cua-doanh-nghiep-4908941.html
2025-07-17 05:05:37,855 - INFO - [THÀNH CÔNG] Sử dụng selector: div.fck_detail
2025-07-17 05:05:37,856 - INFO - [THÀNH CÔNG] Đã xử lý: Greenwashing và những trò tẩy xanh của doanh nghiệ...
2025-07-17 05:05:37,856 - INFO - Đang lấy nội dung từ: https://vnexpress.net/trung-tam-tai-chinh-la-kenh-dan-von-tot-cho-tp-hcm-sau-sap-nhap-4914239.html
2025-07-17 05:05:46,913 - INFO - [THÀNH CÔNG] Sử dụng selector: article.fck_detail
2025-07-17 05:05:46,914 - INFO - [THÀNH CÔNG] Đã xử lý: 'Trung tâm tài chính là kênh dẫn vốn tốt cho TP HC...
2025-07-17 05:05:46,914 - INFO - Đang lấy nội dung từ: https://vnexpress.net/wilmar-marketing-clv-mo-rong-thi-truong-duyen-hai-mien-trung-tay-nguyen-4914521.html
2025-07-17 05:05:55,821 - INFO - [THÀNH CÔNG] Sử dụng selector: article.fck_detail
2025-07-17 05:05:55,823 - INFO - [THÀNH CÔNG] Đã xử lý: Wilmar Marketing CLV mở rộng thị trường duyên hải ...
2025-07-17 05:05:55,823 - INFO - Đang lấy nội dung từ: https://vnexpress.net/manulife-hop-tac-dao-tao-nang-cao-kien-thuc-y-te-cho-tu-van-vien-4914415.html
2025-07-17 05:06:05,589 - INFO - [THÀNH CÔNG] Sử dụng selector: article.fck_detail
2025-07-17 05:06:05,590 - INFO - [THÀNH CÔNG] Đã xử lý: Manulife hợp tác đào tạo nâng cao kiến thức y tế c...
2025-07-17 05:06:05,590 - INFO - Đang lấy nội dung từ: https://vnexpress.net/ha-noi-ho-tro-toi-da-300-trieu-dong-moi-nam-cho-doanh-nghiep-sme-4914409.html
2025-07-17 05:06:15,259 - INFO - [THÀNH CÔNG] Sử dụng selector: article.fck_detail
2025-07-17 05:06:15,261 - INFO - [THÀNH CÔNG] Đã xử lý: Hà Nội hỗ trợ tối đa 300 triệu đồng mỗi năm cho do...
2025-07-17 05:06:15,261 - INFO - Đang lấy nội dung từ: https://vnexpress.net/tap-doan-nhat-muon-tang-dau-tu-du-an-nang-luong-tai-viet-nam-4914258.html
2025-07-17 05:06:24,810 - INFO - [THÀNH CÔNG] Sử dụng selector: article.fck_detail
2025-07-17 05:06:24,811 - INFO - [THÀNH CÔNG] Đã xử lý: Tập đoàn Nhật muốn tăng đầu tư dự án năng lượng tạ...
2025-07-17 05:06:24,811 - INFO - Đang lấy nội dung từ: https://vnexpress.net/mot-co-phieu-bat-dong-san-tang-gap-doi-trong-hon-nua-thang-4913967.html
2025-07-17 05:06:32,540 - INFO - [THÀNH CÔNG] Sử dụng selector: article.fck_detail
2025-07-17 05:06:32,540 - INFO - [THÀNH CÔNG] Đã xử lý: Một cổ phiếu bất động sản tăng gấp đôi trong hơn n...
2025-07-17 05:06:32,540 - INFO - Đang lấy nội dung từ: https://vnexpress.net/gan-200-con-heo-nhiem-dich-ta-bi-tieu-huy-tai-phu-tho-4914208.html
2025-07-17 05:06:41,486 - INFO - [THÀNH CÔNG] Sử dụng selector: article.fck_detail
2025-07-17 05:06:41,486 - INFO - [THÀNH CÔNG] Đã xử lý: Gần 200 con heo nhiễm dịch tả bị tiêu hủy tại Phú ...
2025-07-17 05:06:41,486 - INFO - Đang lấy nội dung từ: https://vnexpress.net/vn-index-tang-manh-7-phien-lien-tiep-4914123.html
2025-07-17 05:06:48,117 - INFO - [THÀNH CÔNG] Sử dụng selector: article.fck_detail
2025-07-17 05:06:48,118 - INFO - [THÀNH CÔNG] Đã xử lý: VN-Index tăng mạnh 7 phiên liên tiếp...
2025-07-17 05:06:48,118 - INFO - Đang lấy nội dung từ: https://vnexpress.net/xuat-khau-trung-quoc-vuot-du-bao-4914071.html
2025-07-17 05:06:59,816 - INFO - [THÀNH CÔNG] Sử dụng selector: article.fck_detail
2025-07-17 05:06:59,816 - INFO - [THÀNH CÔNG] Đã xử lý: Xuất khẩu Trung Quốc vượt dự báo...
2025-07-17 05:06:59,816 - INFO - Đang lấy nội dung từ: https://vnexpress.net/chung-khoan-tuan-nay-ra-sao-4913682.html
2025-07-17 05:07:06,186 - INFO - [THÀNH CÔNG] Sử dụng selector: article.fck_detail
2025-07-17 05:07:06,187 - INFO - [THÀNH CÔNG] Đã xử lý: Chứng khoán tuần này ra sao?...
2025-07-17 05:07:06,187 - INFO - Đang lấy nội dung từ: https://vnexpress.net/gia-bitcoin-hom-nay-btc-vuot-ky-luc-hon-120-000-usd-4913971.html
2025-07-17 05:07:14,607 - INFO - [THÀNH CÔNG] Sử dụng selector: article.fck_detail
2025-07-17 05:07:14,608 - INFO - [THÀNH CÔNG] Đã xử lý: Bitcoin lập kỷ lục hơn 120.000 USD...
2025-07-17 05:07:14,608 - INFO - 
Đã xử lý thành công 107 bài báo.
2025-07-17 05:07:14,608 - INFO - Đang đóng trình duyệt ảo...
2025-07-17 05:07:15,167 - INFO - Đã đóng trình duyệt.
2025-07-17 05:07:15,167 - INFO - --- Hoàn tất chu kỳ. ---
